Determining if the pthread_create exist failed with the following output:
Change Dir: /home/qianqiao/workspace/sensor/UKF/SFND_Unscented_Kalman_Filter/build/CMakeFiles/CMakeTmp

Run Build Command:"/usr/bin/make" "cmTC_e0c4c/fast"
/usr/bin/make -f CMakeFiles/cmTC_e0c4c.dir/build.make CMakeFiles/cmTC_e0c4c.dir/build
make[1]: Entering directory '/home/qianqiao/workspace/sensor/UKF/SFND_Unscented_Kalman_Filter/build/CMakeFiles/CMakeTmp'
Building C object CMakeFiles/cmTC_e0c4c.dir/CheckSymbolExists.c.o
/usr/bin/cc    -o CMakeFiles/cmTC_e0c4c.dir/CheckSymbolExists.c.o   -c /home/qianqiao/workspace/sensor/UKF/SFND_Unscented_Kalman_Filter/build/CMakeFiles/CMakeTmp/CheckSymbolExists.c
Linking C executable cmTC_e0c4c
/usr/local/bin/cmake -E cmake_link_script CMakeFiles/cmTC_e0c4c.dir/link.txt --verbose=1
/usr/bin/cc      -rdynamic CMakeFiles/cmTC_e0c4c.dir/CheckSymbolExists.c.o  -o cmTC_e0c4c 
CMakeFiles/cmTC_e0c4c.dir/CheckSymbolExists.c.o: In function `main':
CheckSymbolExists.c:(.text+0x1b): undefined reference to `pthread_create'
collect2: error: ld returned 1 exit status
CMakeFiles/cmTC_e0c4c.dir/build.make:86: recipe for target 'cmTC_e0c4c' failed
make[1]: *** [cmTC_e0c4c] Error 1
make[1]: Leaving directory '/home/qianqiao/workspace/sensor/UKF/SFND_Unscented_Kalman_Filter/build/CMakeFiles/CMakeTmp'
Makefile:126: recipe for target 'cmTC_e0c4c/fast' failed
make: *** [cmTC_e0c4c/fast] Error 2

File /home/qianqiao/workspace/sensor/UKF/SFND_Unscented_Kalman_Filter/build/CMakeFiles/CMakeTmp/CheckSymbolExists.c:
/* */
#include <pthread.h>

int main(int argc, char** argv)
{
  (void)argv;
#ifndef pthread_create
  return ((int*)(&pthread_create))[argc];
#else
  (void)argc;
  return 0;
#endif
}

Determining if the function pthread_create exists in the pthreads failed with the following output:
Change Dir: /home/qianqiao/workspace/sensor/UKF/SFND_Unscented_Kalman_Filter/build/CMakeFiles/CMakeTmp

Run Build Command:"/usr/bin/make" "cmTC_80e89/fast"
/usr/bin/make -f CMakeFiles/cmTC_80e89.dir/build.make CMakeFiles/cmTC_80e89.dir/build
make[1]: Entering directory '/home/qianqiao/workspace/sensor/UKF/SFND_Unscented_Kalman_Filter/build/CMakeFiles/CMakeTmp'
Building C object CMakeFiles/cmTC_80e89.dir/CheckFunctionExists.c.o
/usr/bin/cc   -DCHECK_FUNCTION_EXISTS=pthread_create   -o CMakeFiles/cmTC_80e89.dir/CheckFunctionExists.c.o   -c /usr/local/share/cmake-3.11/Modules/CheckFunctionExists.c
Linking C executable cmTC_80e89
/usr/local/bin/cmake -E cmake_link_script CMakeFiles/cmTC_80e89.dir/link.txt --verbose=1
/usr/bin/cc  -DCHECK_FUNCTION_EXISTS=pthread_create    -rdynamic CMakeFiles/cmTC_80e89.dir/CheckFunctionExists.c.o  -o cmTC_80e89 -lpthreads 
/usr/bin/ld: cannot find -lpthreads
collect2: error: ld returned 1 exit status
CMakeFiles/cmTC_80e89.dir/build.make:86: recipe for target 'cmTC_80e89' failed
make[1]: *** [cmTC_80e89] Error 1
make[1]: Leaving directory '/home/qianqiao/workspace/sensor/UKF/SFND_Unscented_Kalman_Filter/build/CMakeFiles/CMakeTmp'
Makefile:126: recipe for target 'cmTC_80e89/fast' failed
make: *** [cmTC_80e89/fast] Error 2


